Installing dependencies
Get:1 http://deb.debian.org/debian trixie InRelease [140 kB]
Get:2 http://deb.debian.org/debian trixie/main amd64 Packages [9,671 kB]
Get:3 http://security.debian.org trixie-security InRelease [43.4 kB]
Get:4 http://security.debian.org trixie-security/main amd64 Packages [111 kB]
Get:5 http://security.debian.org trixie-security/main Translation-en [72.5 kB]
Get:6 http://security.debian.org trixie-security/non-free-firmware amd64 Packages [544 B]
Get:7 http://security.debian.org trixie-security/non-free-firmware Translation-en [352 B]
Get:8 http://deb.debian.org/debian trixie/main Translation-en [6,484 kB]
Get:9 http://deb.debian.org/debian trixie/contrib amd64 Packages [53.8 kB]
Get:10 http://deb.debian.org/debian trixie/non-free amd64 Packages [100 kB]
Get:11 http://deb.debian.org/debian trixie/non-free Translation-en [67.1 kB]
Fetched 16.7 MB in 1s (11.2 MB/s)
Reading package lists...
Building dependency tree...
Reading state information...
69 packages can be upgraded. Run 'apt list --upgradable' to see them.
Reading package lists...
Building dependency tree...
Reading state information...
Installing:
  stress-ng

Installing dependencies:
  libdrm-amdgpu1  libglvnd0          libsensors5         libxcb-sync1
  libdrm-common   libipsec-mb2       libwayland-client0  libxcb-xfixes0
  libdrm-intel1   libjpeg62-turbo    libwayland-server0  libxshmfence1
  libdrm2         libjudydebian1     libx11-xcb1         libz3-4
  libegl-mesa0    libllvm19          libxcb-dri3-0       mesa-libgallium
  libegl1         libpciaccess0      libxcb-present0
  libgbm1         libsctp1           libxcb-randr0
  libgles2        libsensors-config  libxcb-shm0

Suggested packages:
  lksctp-tools  lm-sensors

Summary:
  Upgrading: 0, Installing: 30, Removing: 0, Not Upgrading: 69
  Download size: 49.9 MB
  Space needed: 232 MB / 8,088 MB available

Get:1 http://deb.debian.org/debian trixie/main amd64 libdrm-common all 2.4.124-2 [8,288 B]
Get:2 http://deb.debian.org/debian trixie/main amd64 libdrm2 amd64 2.4.124-2 [39.0 kB]
Get:3 http://deb.debian.org/debian trixie/main amd64 libdrm-amdgpu1 amd64 2.4.124-2 [22.6 kB]
Get:4 http://deb.debian.org/debian trixie/main amd64 libpciaccess0 amd64 0.17-3+b3 [51.9 kB]
Get:5 http://deb.debian.org/debian trixie/main amd64 libdrm-intel1 amd64 2.4.124-2 [64.1 kB]
Get:6 http://deb.debian.org/debian trixie/main amd64 libwayland-server0 amd64 1.23.1-3 [34.4 kB]
Get:7 http://deb.debian.org/debian trixie/main amd64 libz3-4 amd64 4.13.3-1 [8,560 kB]
Get:8 http://deb.debian.org/debian trixie/main amd64 libllvm19 amd64 1:19.1.7-3+b1 [26.0 MB]
Get:9 http://deb.debian.org/debian trixie/main amd64 libsensors-config all 1:3.6.2-2 [16.2 kB]
Get:10 http://deb.debian.org/debian trixie/main amd64 libsensors5 amd64 1:3.6.2-2 [37.5 kB]
Get:11 http://deb.debian.org/debian trixie/main amd64 libx11-xcb1 amd64 2:1.8.12-1 [247 kB]
Get:12 http://deb.debian.org/debian trixie/main amd64 libxcb-dri3-0 amd64 1.17.0-2+b1 [107 kB]
Get:13 http://deb.debian.org/debian trixie/main amd64 libxcb-present0 amd64 1.17.0-2+b1 [106 kB]
Get:14 http://deb.debian.org/debian trixie/main amd64 libxcb-randr0 amd64 1.17.0-2+b1 [117 kB]
Get:15 http://deb.debian.org/debian trixie/main amd64 libxcb-sync1 amd64 1.17.0-2+b1 [109 kB]
Get:16 http://deb.debian.org/debian trixie/main amd64 libxcb-xfixes0 amd64 1.17.0-2+b1 [109 kB]
Get:17 http://deb.debian.org/debian trixie/main amd64 libxshmfence1 amd64 1.3.3-1 [10.9 kB]
Get:18 http://deb.debian.org/debian trixie/main amd64 mesa-libgallium amd64 25.0.7-2 [9,629 kB]
Get:19 http://deb.debian.org/debian trixie/main amd64 libgbm1 amd64 25.0.7-2 [44.4 kB]
Get:20 http://deb.debian.org/debian trixie/main amd64 libwayland-client0 amd64 1.23.1-3 [26.8 kB]
Get:21 http://deb.debian.org/debian trixie/main amd64 libxcb-shm0 amd64 1.17.0-2+b1 [105 kB]
Get:22 http://deb.debian.org/debian trixie/main amd64 libegl-mesa0 amd64 25.0.7-2 [128 kB]
Get:23 http://deb.debian.org/debian trixie/main amd64 libglvnd0 amd64 1.7.0-1+b2 [52.0 kB]
Get:24 http://deb.debian.org/debian trixie/main amd64 libgles2 amd64 1.7.0-1+b2 [17.3 kB]
Get:25 http://deb.debian.org/debian trixie/main amd64 libipsec-mb2 amd64 2.0-1+b1 [852 kB]
Get:26 http://deb.debian.org/debian trixie/main amd64 libjpeg62-turbo amd64 1:2.1.5-4 [168 kB]
Get:27 http://deb.debian.org/debian trixie/main amd64 libjudydebian1 amd64 1.0.5-5.1 [102 kB]
Get:28 http://deb.debian.org/debian trixie/main amd64 libsctp1 amd64 1.0.21+dfsg-1 [25.8 kB]
Get:29 http://deb.debian.org/debian trixie/main amd64 libegl1 amd64 1.7.0-1+b2 [34.6 kB]
Get:30 http://deb.debian.org/debian trixie/main amd64 stress-ng amd64 0.19.02-1 [3,098 kB]
Fetched 49.9 MB in 1s (34.8 MB/s)
Selecting previously unselected package libdrm-common.
(Reading database ... 
(Reading database ... 5%
(Reading database ... 10%
(Reading database ... 15%
(Reading database ... 20%
(Reading database ... 25%
(Reading database ... 30%
(Reading database ... 35%
(Reading database ... 40%
(Reading database ... 45%
(Reading database ... 50%
(Reading database ... 55%
(Reading database ... 60%
(Reading database ... 65%
(Reading database ... 70%
(Reading database ... 75%
(Reading database ... 80%
(Reading database ... 85%
(Reading database ... 90%
(Reading database ... 95%
(Reading database ... 100%
(Reading database ... 67318 files and directories currently installed.)
Preparing to unpack .../00-libdrm-common_2.4.124-2_all.deb ...
Unpacking libdrm-common (2.4.124-2) ...
Selecting previously unselected package libdrm2:amd64.
Preparing to unpack .../01-libdrm2_2.4.124-2_amd64.deb ...
Unpacking libdrm2:amd64 (2.4.124-2) ...
Selecting previously unselected package libdrm-amdgpu1:amd64.
Preparing to unpack .../02-libdrm-amdgpu1_2.4.124-2_amd64.deb ...
Unpacking libdrm-amdgpu1:amd64 (2.4.124-2) ...
Selecting previously unselected package libpciaccess0:amd64.
Preparing to unpack .../03-libpciaccess0_0.17-3+b3_amd64.deb ...
Unpacking libpciaccess0:amd64 (0.17-3+b3) ...
Selecting previously unselected package libdrm-intel1:amd64.
Preparing to unpack .../04-libdrm-intel1_2.4.124-2_amd64.deb ...
Unpacking libdrm-intel1:amd64 (2.4.124-2) ...
Selecting previously unselected package libwayland-server0:amd64.
Preparing to unpack .../05-libwayland-server0_1.23.1-3_amd64.deb ...
Unpacking libwayland-server0:amd64 (1.23.1-3) ...
Selecting previously unselected package libz3-4:amd64.
Preparing to unpack .../06-libz3-4_4.13.3-1_amd64.deb ...
Unpacking libz3-4:amd64 (4.13.3-1) ...
Selecting previously unselected package libllvm19:amd64.
Preparing to unpack .../07-libllvm19_1%3a19.1.7-3+b1_amd64.deb ...
Unpacking libllvm19:amd64 (1:19.1.7-3+b1) ...
Selecting previously unselected package libsensors-config.
Preparing to unpack .../08-libsensors-config_1%3a3.6.2-2_all.deb ...
Unpacking libsensors-config (1:3.6.2-2) ...
Selecting previously unselected package libsensors5:amd64.
Preparing to unpack .../09-libsensors5_1%3a3.6.2-2_amd64.deb ...
Unpacking libsensors5:amd64 (1:3.6.2-2) ...
Selecting previously unselected package libx11-xcb1:amd64.
Preparing to unpack .../10-libx11-xcb1_2%3a1.8.12-1_amd64.deb ...
Unpacking libx11-xcb1:amd64 (2:1.8.12-1) ...
Selecting previously unselected package libxcb-dri3-0:amd64.
Preparing to unpack .../11-libxcb-dri3-0_1.17.0-2+b1_amd64.deb ...
Unpacking libxcb-dri3-0:amd64 (1.17.0-2+b1) ...
Selecting previously unselected package libxcb-present0:amd64.
Preparing to unpack .../12-libxcb-present0_1.17.0-2+b1_amd64.deb ...
Unpacking libxcb-present0:amd64 (1.17.0-2+b1) ...
Selecting previously unselected package libxcb-randr0:amd64.
Preparing to unpack .../13-libxcb-randr0_1.17.0-2+b1_amd64.deb ...
Unpacking libxcb-randr0:amd64 (1.17.0-2+b1) ...
Selecting previously unselected package libxcb-sync1:amd64.
Preparing to unpack .../14-libxcb-sync1_1.17.0-2+b1_amd64.deb ...
Unpacking libxcb-sync1:amd64 (1.17.0-2+b1) ...
Selecting previously unselected package libxcb-xfixes0:amd64.
Preparing to unpack .../15-libxcb-xfixes0_1.17.0-2+b1_amd64.deb ...
Unpacking libxcb-xfixes0:amd64 (1.17.0-2+b1) ...
Selecting previously unselected package libxshmfence1:amd64.
Preparing to unpack .../16-libxshmfence1_1.3.3-1_amd64.deb ...
Unpacking libxshmfence1:amd64 (1.3.3-1) ...
Selecting previously unselected package mesa-libgallium:amd64.
Preparing to unpack .../17-mesa-libgallium_25.0.7-2_amd64.deb ...
Unpacking mesa-libgallium:amd64 (25.0.7-2) ...
Selecting previously unselected package libgbm1:amd64.
Preparing to unpack .../18-libgbm1_25.0.7-2_amd64.deb ...
Unpacking libgbm1:amd64 (25.0.7-2) ...
Selecting previously unselected package libwayland-client0:amd64.
Preparing to unpack .../19-libwayland-client0_1.23.1-3_amd64.deb ...
Unpacking libwayland-client0:amd64 (1.23.1-3) ...
Selecting previously unselected package libxcb-shm0:amd64.
Preparing to unpack .../20-libxcb-shm0_1.17.0-2+b1_amd64.deb ...
Unpacking libxcb-shm0:amd64 (1.17.0-2+b1) ...
Selecting previously unselected package libegl-mesa0:amd64.
Preparing to unpack .../21-libegl-mesa0_25.0.7-2_amd64.deb ...
Unpacking libegl-mesa0:amd64 (25.0.7-2) ...
Selecting previously unselected package libglvnd0:amd64.
Preparing to unpack .../22-libglvnd0_1.7.0-1+b2_amd64.deb ...
Unpacking libglvnd0:amd64 (1.7.0-1+b2) ...
Selecting previously unselected package libgles2:amd64.
Preparing to unpack .../23-libgles2_1.7.0-1+b2_amd64.deb ...
Unpacking libgles2:amd64 (1.7.0-1+b2) ...
Selecting previously unselected package libipsec-mb2.
Preparing to unpack .../24-libipsec-mb2_2.0-1+b1_amd64.deb ...
Unpacking libipsec-mb2 (2.0-1+b1) ...
Selecting previously unselected package libjpeg62-turbo:amd64.
Preparing to unpack .../25-libjpeg62-turbo_1%3a2.1.5-4_amd64.deb ...
Unpacking libjpeg62-turbo:amd64 (1:2.1.5-4) ...
Selecting previously unselected package libjudydebian1.
Preparing to unpack .../26-libjudydebian1_1.0.5-5.1_amd64.deb ...
Unpacking libjudydebian1 (1.0.5-5.1) ...
Selecting previously unselected package libsctp1:amd64.
Preparing to unpack .../27-libsctp1_1.0.21+dfsg-1_amd64.deb ...
Unpacking libsctp1:amd64 (1.0.21+dfsg-1) ...
Selecting previously unselected package libegl1:amd64.
Preparing to unpack .../28-libegl1_1.7.0-1+b2_amd64.deb ...
Unpacking libegl1:amd64 (1.7.0-1+b2) ...
Selecting previously unselected package stress-ng.
Preparing to unpack .../29-stress-ng_0.19.02-1_amd64.deb ...
Unpacking stress-ng (0.19.02-1) ...
Setting up libxcb-dri3-0:amd64 (1.17.0-2+b1) ...
Setting up libwayland-server0:amd64 (1.23.1-3) ...
Setting up libx11-xcb1:amd64 (2:1.8.12-1) ...
Setting up libpciaccess0:amd64 (0.17-3+b3) ...
Setting up libxcb-xfixes0:amd64 (1.17.0-2+b1) ...
Setting up libglvnd0:amd64 (1.7.0-1+b2) ...
Setting up libsensors-config (1:3.6.2-2) ...
Setting up libipsec-mb2 (2.0-1+b1) ...
Setting up libxcb-shm0:amd64 (1.17.0-2+b1) ...
Setting up libjudydebian1 (1.0.5-5.1) ...
Setting up libxcb-present0:amd64 (1.17.0-2+b1) ...
Setting up libz3-4:amd64 (4.13.3-1) ...
Setting up libgles2:amd64 (1.7.0-1+b2) ...
Setting up libjpeg62-turbo:amd64 (1:2.1.5-4) ...
Setting up libxcb-sync1:amd64 (1.17.0-2+b1) ...
Setting up libsensors5:amd64 (1:3.6.2-2) ...
Setting up libsctp1:amd64 (1.0.21+dfsg-1) ...
Setting up libxshmfence1:amd64 (1.3.3-1) ...
Setting up libxcb-randr0:amd64 (1.17.0-2+b1) ...
Setting up libdrm-common (2.4.124-2) ...
Setting up libwayland-client0:amd64 (1.23.1-3) ...
Setting up libllvm19:amd64 (1:19.1.7-3+b1) ...
Setting up libdrm2:amd64 (2.4.124-2) ...
Setting up libdrm-amdgpu1:amd64 (2.4.124-2) ...
Setting up libdrm-intel1:amd64 (2.4.124-2) ...
Setting up mesa-libgallium:amd64 (25.0.7-2) ...
Setting up libgbm1:amd64 (25.0.7-2) ...
Setting up libegl-mesa0:amd64 (25.0.7-2) ...
Setting up libegl1:amd64 (1.7.0-1+b2) ...
Setting up stress-ng (0.19.02-1) ...
Processing triggers for man-db (2.13.1-1) ...
Processing triggers for libc-bin (2.41-12) ...
Signaling that setup is complete
