Get:1 http://deb.debian.org/debian bookworm InRelease [151 kB]
Get:2 http://security.debian.org bookworm-security InRelease [48.0 kB]
Get:3 http://deb.debian.org/debian bookworm/main amd64 Packages [8,792 kB]
Get:4 http://security.debian.org bookworm-security/main amd64 Packages [294 kB]
Get:5 http://security.debian.org bookworm-security/main Translation-en [179 kB]
Get:6 http://security.debian.org bookworm-security/contrib amd64 Packages [896 B]
Get:7 http://security.debian.org bookworm-security/contrib Translation-en [652 B]
Get:8 http://security.debian.org bookworm-security/non-free-firmware amd64 Packages [688 B]
Get:9 http://deb.debian.org/debian bookworm/main Translation-en [6,108 kB]
Get:10 http://deb.debian.org/debian bookworm/contrib amd64 Packages [53.5 kB]
Get:11 http://deb.debian.org/debian bookworm/contrib Translation-en [48.4 kB]
Get:12 http://deb.debian.org/debian bookworm/non-free-firmware amd64 Packages [6,368 B]
Get:13 http://deb.debian.org/debian bookworm/non-free-firmware Translation-en [20.9 kB]
Get:14 http://deb.debian.org/debian bookworm/non-free amd64 Packages [102 kB]
Get:15 http://deb.debian.org/debian bookworm/non-free Translation-en [68.1 kB]
Fetched 15.9 MB in 2s (8,184 kB/s)
Reading package lists...
Building dependency tree...
Reading state information...
160 packages can be upgraded. Run 'apt list --upgradable' to see them.
